<html>
<body>
<pre>
<h1>µVision Build Log</h1>
<h2>Tool Versions:</h2>
IDE-Version: µVision V5.23.0.0
Copyright (C) 2017 ARM Ltd and ARM Germany GmbH. All rights reserved.
License Information: Josh Illes, Mission Mobility, LIC=----
 
Tool Versions:
Toolchain:       MDK-Lite  Version: 5.23
Toolchain Path:  C:\Keil_v5\ARM\ARMCC\Bin
C Compiler:      Armcc.exe V5.06 update 4 (build 422)
Assembler:       Armasm.exe V5.06 update 4 (build 422)
Linker/Locator:  ArmLink.exe V5.06 update 4 (build 422)
Library Manager: ArmAr.exe V5.06 update 4 (build 422)
Hex Converter:   FromElf.exe V5.06 update 4 (build 422)
CPU DLL:         SARMCM3.DLL V5.23
Dialog DLL:      DCM.DLL V1.15.0.0
Target DLL:      lmidk-agdi.dll V???
Dialog DLL:      TCM.DLL V1.27.0.0
 
<h2>Project:</h2>
<<<<<<< HEAD
<<<<<<< HEAD
C:\Keil\Labware\Lab10_TrafficLight\Lab10.uvproj
Project File Date:  05/03/2017

<h2>Output:</h2>
Build target 'Lab10'
compiling TableTrafficLight.c...
linking...
Program Size: Code=4512 RO-data=14296 RW-data=212 ZI-data=1764  
".\Lab10.axf" - 0 Error(s), 0 Warning(s).
Load "C:\\Keil\\Labware\\Lab10_TrafficLight\\Lab10.axf" 
Connecting: Mode=JTAG, Speed=1000000Hz
Erase Done.
Programming Done.
Verify OK.
</pre>
</body>
</html>
WESTYL_SOUTHRED, DONT_WALK},          1000, {2,0,2,2,4,4,4,4}},
TableTrafficLight.c(80): error:  #29: expected an expression
        [goSouth]                               =       {{WESTRED_SOUTHGRN, DONT_WALK},         3000, {2,3,2,3,3,3,3,3}},
TableTrafficLight.c(81): error:  #29: expected an expression
        [waitSouth]                     =       {{WESTRED_SOUTHYL, DONT_WALK},          1000, {0,0,2,0,4,0,4,0}},
TableTrafficLight.c(82): error:  #29: expected an expression
        [walk]                                  =       {{WESTRED_SOUTHRED, WALK},                              3000, {4,5,5,5,4,5,5,5}},
TableTrafficLight.c(83): error:  #29: expected an expression
        [blinkWalkOn1]  =       {{WESTRED_SOUTHRED, DONT_WALK},         250,    {6,6,6,6,6,6,6,6}},
TableTrafficLight.c(84): error:  #29: expected an expression
        [blinkWalkOff1] =       {{WESTRED_SOUTHRED, BLINK},                     250,    {7,7,7,7,7,7,7,7}},
TableTrafficLight.c(85): error:  #29: expected an expression
        [blinkWalkOn2]  =       {{WESTRED_SOUTHRED, DONT_WALK},         250,    {8,8,8,8,8,8,8,8}},
TableTrafficLight.c(86): error:  #29: expected an expression
        [blinkWalkOff2] =       {{WESTRED_SOUTHRED, BLINK},                     250,    {9,9,9,9,9,9,9,9}},
TableTrafficLight.c(87): error:  #29: expected an expression
        [blinkWalkOn3]  =       {{WESTRED_SOUTHRED, DONT_WALK},         250,    {10,10,10,10,10,10,10,10}},
TableTrafficLight.c(88): error:  #29: expected an expression
        [blinkWalkOff3] =       {{WESTRED_SOUTHRED, BLINK},                     250,    {11,11,11,11,11,11,11,11}},
TableTrafficLight.c(89): error:  #29: expected an expression
        [dontWalk]                      =       {{WESTRED_SOUTHRED, DONT_WALK},         2000,   {2,0,2,0,4,0,2,2}}
TableTrafficLight.c: 0 warnings, 12 errors
".\Lab10.axf" - 12 Error(s), 0 Warning(s).
Target not created
=======
=======
>>>>>>> 35e6af085f5b23bb7a3b05a7bfd1f7338a2b27ac
C:\Keil_v5\Labware\Lab10_TrafficLight\Lab10.uvproj
Project File Date:  05/02/2017

<h2>Output:</h2>
*** Using Compiler 'V5.06 update 4 (build 422)', folder: 'C:\Keil_v5\ARM\ARMCC\Bin'
Build target 'Lab10'
compiling TableTrafficLight.c...
linking...
Program Size: Code=4376 RO-data=14296 RW-data=212 ZI-data=1756  
".\Lab10.axf" - 0 Error(s), 0 Warning(s).
Build Time Elapsed:  00:00:00
</pre>
</body>
</html>
<<<<<<< HEAD
>>>>>>> 35e6af085f5b23bb7a3b05a7bfd1f7338a2b27ac
=======
>>>>>>> 35e6af085f5b23bb7a3b05a7bfd1f7338a2b27ac
